<?xml version="1.0" encoding="UTF-8"?>
<testsuite xmlns:xsi="http://www.w3.org/2001/XMLSchema-instance" xsi:noNamespaceSchemaLocation="https://maven.apache.org/surefire/maven-surefire-plugin/xsd/surefire-test-report.xsd" name="NeedForSpeedTest" time="1.676" tests="14" errors="0" skipped="0" failures="0">
  <properties>
    <property name="java.specification.version" value="17"/>
    <property name="sun.jnu.encoding" value="UTF-8"/>
    <property name="java.class.path" value="/home/runner/Tema-33-Need-for-Speed/tema3_3/target/test-classes:/home/runner/Tema-33-Need-for-Speed/tema3_3/target/classes:/home/runner/.m2/repository/junit/junit/4.11/junit-4.11.jar:/home/runner/.m2/repository/org/hamcrest/hamcrest-core/1.3/hamcrest-core-1.3.jar:/home/runner/.m2/repository/org/assertj/assertj-core/3.22.0/assertj-core-3.22.0.jar:"/>
    <property name="java.vm.vendor" value="GraalVM Community"/>
    <property name="sun.arch.data.model" value="64"/>
    <property name="java.vendor.url" value="https://www.graalvm.org/"/>
    <property name="os.name" value="Linux"/>
    <property name="java.vm.specification.version" value="17"/>
    <property name="sun.java.launcher" value="SUN_STANDARD"/>
    <property name="user.country" value="US"/>
    <property name="sun.boot.library.path" value="/nix/store/jd8g6gkgxzz40842f1g51fca5bg9ilmj-graalvm17-ce/lib"/>
    <property name="sun.java.command" value="/home/runner/Tema-33-Need-for-Speed/tema3_3/target/surefire/surefirebooter343911222543399693.jar /home/runner/Tema-33-Need-for-Speed/tema3_3/target/surefire 2022-06-15T15-56-57_377-jvmRun1 surefire9902491667713535175tmp surefire_011474001013459493384tmp"/>
    <property name="jdk.debug" value="release"/>
    <property name="surefire.test.class.path" value="/home/runner/Tema-33-Need-for-Speed/tema3_3/target/test-classes:/home/runner/Tema-33-Need-for-Speed/tema3_3/target/classes:/home/runner/.m2/repository/junit/junit/4.11/junit-4.11.jar:/home/runner/.m2/repository/org/hamcrest/hamcrest-core/1.3/hamcrest-core-1.3.jar:/home/runner/.m2/repository/org/assertj/assertj-core/3.22.0/assertj-core-3.22.0.jar:"/>
    <property name="sun.cpu.endian" value="little"/>
    <property name="user.home" value="/home/runner"/>
    <property name="user.language" value="en"/>
    <property name="java.specification.vendor" value="Oracle Corporation"/>
    <property name="java.version.date" value="2021-10-19"/>
    <property name="java.home" value="/nix/store/jd8g6gkgxzz40842f1g51fca5bg9ilmj-graalvm17-ce"/>
    <property name="file.separator" value="/"/>
    <property name="basedir" value="/home/runner/Tema-33-Need-for-Speed/tema3_3"/>
    <property name="java.vm.compressedOopsMode" value="32-bit"/>
    <property name="jdk.internal.vm.ci.enabled" value="true"/>
    <property name="line.separator" value="&#10;"/>
    <property name="java.specification.name" value="Java Platform API Specification"/>
    <property name="java.vm.specification.vendor" value="Oracle Corporation"/>
    <property name="surefire.real.class.path" value="/home/runner/Tema-33-Need-for-Speed/tema3_3/target/surefire/surefirebooter343911222543399693.jar"/>
    <property name="sun.management.compiler" value="HotSpot 64-Bit Tiered Compilers"/>
    <property name="java.runtime.version" value="17.0.1+12-jvmci-21.3-b05"/>
    <property name="user.name" value="runner"/>
    <property name="path.separator" value=":"/>
    <property name="os.version" value="5.13.0-1027-gcp"/>
    <property name="java.runtime.name" value="OpenJDK Runtime Environment"/>
    <property name="file.encoding" value="UTF-8"/>
    <property name="java.vm.name" value="OpenJDK 64-Bit Server VM"/>
    <property name="java.vendor.version" value="GraalVM CE 21.3.0"/>
    <property name="localRepository" value="/home/runner/.m2/repository"/>
    <property name="java.vendor.url.bug" value="https://github.com/oracle/graal/issues"/>
    <property name="java.io.tmpdir" value="/tmp"/>
    <property name="java.version" value="17.0.1"/>
    <property name="user.dir" value="/home/runner/Tema-33-Need-for-Speed/tema3_3"/>
    <property name="os.arch" value="amd64"/>
    <property name="java.vm.specification.name" value="Java Virtual Machine Specification"/>
    <property name="native.encoding" value="UTF-8"/>
    <property name="java.library.path" value="/nix/store/g2iy5k2yx2kcbr4klwv58fbg0vhjfkyp-cups-2.3.3op2-lib/lib:/nix/store/z3wflph8ngraqv8z3vznrr15wrw37syy-cairo-1.16.0/lib:/nix/store/f5jhxrj5cxq2mnahwj4nba3sw4g5956c-glib-2.70.1/lib:/nix/store/z2phd72675fma3nz1l4jzpignf4zycvd-gtk+3-3.24.30/lib:/nix/store/g2iy5k2yx2kcbr4klwv58fbg0vhjfkyp-cups-2.3.3op2-lib/lib:/nix/store/z3wflph8ngraqv8z3vznrr15wrw37syy-cairo-1.16.0/lib:/nix/store/f5jhxrj5cxq2mnahwj4nba3sw4g5956c-glib-2.70.1/lib:/nix/store/z2phd72675fma3nz1l4jzpignf4zycvd-gtk+3-3.24.30/lib:/nix/store/p36pgcv991mq5srvg765b78yqpxvk3qs-mesa-21.3.3-drivers/lib:/nix/store/m4bkxaj6v03nd0afc276szq9vy4wrvlc-mesa_glxindirect/lib:/nix/store/mav4251if1ahjq5vkpwycyyvnmy459c4-pulseaudio-14.2/lib:/usr/java/packages/lib:/usr/lib64:/lib64:/lib:/usr/lib"/>
    <property name="java.vm.info" value="mixed mode, sharing"/>
    <property name="java.vendor" value="GraalVM Community"/>
    <property name="java.vm.version" value="17.0.1+12-jvmci-21.3-b05"/>
    <property name="sun.io.unicode.encoding" value="UnicodeLittle"/>
    <property name="java.class.version" value="61.0"/>
  </properties>
  <testcase name="new_remote_control_car_has_not_driven_any_distance" classname="NeedForSpeedTest" time="1.083"/>
  <testcase name="drive_until_battery_is_drained" classname="NeedForSpeedTest" time="0.005"/>
  <testcase name="nitro_car_has_battery_not_drained" classname="NeedForSpeedTest" time="0"/>
  <testcase name="new_remote_control_car_battery_is_not_drained" classname="NeedForSpeedTest" time="0"/>
  <testcase name="car_can_finish_with_car_that_just_cannot_finish" classname="NeedForSpeedTest" time="0.003"/>
  <testcase name="drive_increases_distance_driven_with_speed" classname="NeedForSpeedTest" time="0"/>
  <testcase name="car_can_finish_with_car_that_can_easily_finish" classname="NeedForSpeedTest" time="0"/>
  <testcase name="drive_does_not_increase_distance_driven_when_battery_drained" classname="NeedForSpeedTest" time="0"/>
  <testcase name="nitro_has_correct_battery_drain" classname="NeedForSpeedTest" time="0"/>
  <testcase name="car_can_finish_with_car_that_can_just_finish" classname="NeedForSpeedTest" time="0"/>
  <testcase name="nitro_car_has_correct_speed" classname="NeedForSpeedTest" time="0"/>
  <testcase name="nitro_car_has_not_driven_any_distance" classname="NeedForSpeedTest" time="0.082"/>
  <testcase name="car_can_finish_with_car_that_cannot_finish" classname="NeedForSpeedTest" time="0"/>
  <testcase name="drive_to_almost_drain_battery" classname="NeedForSpeedTest" time="0"/>
</testsuite>